<?xml version="1.0" encoding="UTF-8"?>
<testsuite xmlns:xsi="http://www.w3.org/2001/XMLSchema-instance" xsi:noNamespaceSchemaLocation="https://maven.apache.org/surefire/maven-surefire-plugin/xsd/surefire-test-report-3.0.xsd" version="3.0" name="com.zai.weather.WeatherApplicationTests" time="20.604" tests="1" errors="0" skipped="0" failures="0">
  <properties>
[...]
</properties>
  <testcase name="contextLoads" classname="com.zai.weather.WeatherApplicationTests" time="0.038">
    <system-out><![CDATA[00:55:55.264 [main] INFO org.springframework.test.context.support.AnnotationConfigContextLoaderUtils -- Could not detect default configuration classes for test class [com.zai.weather.WeatherApplicationTests]: WeatherApplicationTests does not declare any static, non-private, non-final, nested classes annotated with @Configuration.
00:55:55.944 [main] INFO org.springframework.boot.test.context.SpringBootTestContextBootstrapper -- Found @SpringBootConfiguration com.zai.weather.WeatherApplication for test class com.zai.weather.WeatherApplicationTests
00:55:56.621 [main] INFO org.springframework.boot.devtools.restart.RestartApplicationListener -- Restart disabled due to context in which it is running

  .   ____          _            __ _ _
 /\\ / ___'_ __ _ _(_)_ __  __ _ \ \ \ \
( ( )\___ | '_ | '_| | '_ \/ _` | \ \ \ \
 \\/  ___)| |_)| | | | | || (_| |  ) ) ) )
  '  |____| .__|_| |_|_| |_\__, | / / / /
 =========|_|==============|___/=/_/_/_/
 :: Spring Boot ::                (v3.2.0)

2025-08-12 00:55:57 - c.z.weather.WeatherApplicationTests - INFO - Starting WeatherApplicationTests using Java 17.0.10 with PID 14204 (started by Lenovo in C:\Users\Lenovo\Downloads\WeatherSensei)
2025-08-12 00:55:57 - c.z.weather.WeatherApplicationTests - DEBUG - Running with Spring Boot v3.2.0, Spring v6.1.1
2025-08-12 00:55:57 - c.z.weather.WeatherApplicationTests - INFO - The following 1 profile is active: "test"
2025-08-12 00:56:01 - o.s.d.r.c.RepositoryConfigurationDelegate - INFO - Bootstrapping Spring Data JPA repositories in DEFAULT mode.
2025-08-12 00:56:01 - o.s.d.r.c.RepositoryConfigurationDelegate - INFO - Finished Spring Data repository scanning in 124 ms. Found 1 JPA repository interface.
2025-08-12 00:56:03 - com.zaxxer.hikari.HikariDataSource - INFO - HikariPool-1 - Starting...
2025-08-12 00:56:04 - com.zaxxer.hikari.pool.HikariPool - INFO - HikariPool-1 - Added connection conn0: url=jdbc:h2:mem:testdb user=SA
2025-08-12 00:56:04 - com.zaxxer.hikari.HikariDataSource - INFO - HikariPool-1 - Start completed.
2025-08-12 00:56:04 - o.h.jpa.internal.util.LogHelper - INFO - HHH000204: Processing PersistenceUnitInfo [name: default]
2025-08-12 00:56:04 - org.hibernate.Version - INFO - HHH000412: Hibernate ORM core version 6.3.1.Final
2025-08-12 00:56:05 - o.h.c.i.RegionFactoryInitiator - INFO - HHH000026: Second-level cache disabled
2025-08-12 00:56:05 - o.s.o.j.p.SpringPersistenceUnitInfo - INFO - No LoadTimeWeaver setup: ignoring JPA class transformer
2025-08-12 00:56:05 - org.hibernate.orm.deprecation - WARN - HHH90000025: H2Dialect does not need to be specified explicitly using 'hibernate.dialect' (remove the property setting and it will be selected by default)
2025-08-12 00:56:06 - o.h.e.t.j.p.i.JtaPlatformInitiator - INFO - HHH000489: No JTA platform available (set 'hibernate.transaction.jta.platform' to enable JTA platform integration)
2025-08-12 00:56:06 - o.s.o.j.LocalContainerEntityManagerFactoryBean - INFO - Initialized JPA EntityManagerFactory for persistence unit 'default'
2025-08-12 00:56:09 - o.s.d.j.r.query.QueryEnhancerFactory - INFO - Hibernate is in classpath; If applicable, HQL parser will be used.
2025-08-12 00:56:10 - c.zai.weather.service.WeatherService - INFO - Initialized WeatherService with 2 providers: [OpenWeatherMap, WeatherStack]
2025-08-12 00:56:11 - o.s.b.a.o.j.JpaBaseConfiguration$JpaWebConfiguration - WARN - spring.jpa.open-in-view is enabled by default. Therefore, database queries may be performed during view rendering. Explicitly configure spring.jpa.open-in-view to disable this warning
2025-08-12 00:56:13 - o.s.b.a.h.H2ConsoleAutoConfiguration - INFO - H2 console available at '/h2-console'. Database available at 'jdbc:h2:mem:testdb'
2025-08-12 00:56:14 - o.s.b.a.e.web.EndpointLinksResolver - INFO - Exposing 3 endpoint(s) beneath base path '/actuator'
2025-08-12 00:56:14 - c.z.weather.WeatherApplicationTests - INFO - Started WeatherApplicationTests in 17.754 seconds (process running for 28.06)
]]></system-out>
  </testcase>
</testsuite>